2025-08-09 17:32:05,898 - INFO - === Automated Rebranding Session Started ===
2025-08-09 17:32:05,911 - INFO - Mapping file: search_replace_mapping.json
2025-08-09 17:32:05,941 - INFO - Processing directory: . (APPLYING CHANGES)
2025-08-09 17:32:06,457 - INFO - Modified: .\apply_rebranding.py (3 changes)
2025-08-09 17:32:06,576 - INFO - Applied changes to: .\apply_rebranding.py (backup: .\apply_rebranding.py.bak)
2025-08-09 17:32:06,617 - INFO - Modified: .\build-styles-dev.bat (5 changes)
2025-08-09 17:32:07,218 - INFO - Applied changes to: .\build-styles-dev.bat (backup: .\build-styles-dev.bat.bak)
2025-08-09 17:32:07,237 - INFO - Modified: .\build-styles.bat (5 changes)
2025-08-09 17:32:07,528 - INFO - Applied changes to: .\build-styles.bat (backup: .\build-styles.bat.bak)
2025-08-09 17:32:07,539 - INFO - Modified: .\CATEGORY_GRID_README.md (1 changes)
2025-08-09 17:32:07,588 - INFO - Applied changes to: .\CATEGORY_GRID_README.md (backup: .\CATEGORY_GRID_README.md.bak)
2025-08-09 17:32:07,901 - INFO - Modified: .\package-lock.json (2 changes)
2025-08-09 17:32:07,980 - INFO - Applied changes to: .\package-lock.json (backup: .\package-lock.json.bak)
2025-08-09 17:32:07,992 - INFO - Modified: .\package.json (10 changes)
2025-08-09 17:32:08,010 - INFO - Applied changes to: .\package.json (backup: .\package.json.bak)
2025-08-09 17:32:08,101 - INFO - Modified: .\REBRANDING_README.md (22 changes)
2025-08-09 17:32:08,112 - INFO - Applied changes to: .\REBRANDING_README.md (backup: .\REBRANDING_README.md.bak)
2025-08-09 17:32:08,154 - INFO - Modified: .\search_replace_mapping.json (143 changes)
2025-08-09 17:32:08,214 - INFO - Applied changes to: .\search_replace_mapping.json (backup: .\search_replace_mapping.json.bak)
2025-08-09 17:32:08,227 - INFO - Modified: .\search_replace_mapping.yml (143 changes)
2025-08-09 17:32:08,248 - INFO - Applied changes to: .\search_replace_mapping.yml (backup: .\search_replace_mapping.yml.bak)
2025-08-09 17:32:08,310 - INFO - Modified: .\Store_Lite_Color_Palette.md (1 changes)
2025-08-09 17:32:08,320 - INFO - Applied changes to: .\Store_Lite_Color_Palette.md (backup: .\Store_Lite_Color_Palette.md.bak)
2025-08-09 17:32:08,336 - INFO - Modified: .\Store_Lite_Design_Reference.md (2 changes)
2025-08-09 17:32:08,412 - INFO - Applied changes to: .\Store_Lite_Design_Reference.md (backup: .\Store_Lite_Design_Reference.md.bak)
2025-08-09 17:32:08,420 - INFO - Modified: .\STORE_LITE_THEME.md (19 changes)
2025-08-09 17:32:08,430 - INFO - Applied changes to: .\STORE_LITE_THEME.md (backup: .\STORE_LITE_THEME.md.bak)
2025-08-09 17:32:08,522 - ERROR - Could not read file .\fixtures\carts.json: 'utf-8' codec can't decode byte 0xff in position 0: invalid start byte
2025-08-09 17:32:08,527 - ERROR - Could not read file .\fixtures\categories.json: 'utf-8' codec can't decode byte 0xff in position 0: invalid start byte
2025-08-09 17:32:08,534 - ERROR - Could not read file .\fixtures\hero_slides.json: 'utf-8' codec can't decode byte 0xff in position 0: invalid start byte
2025-08-09 17:32:08,537 - ERROR - Could not read file .\fixtures\products.json: 'utf-8' codec can't decode byte 0xff in position 0: invalid start byte
2025-08-09 17:32:08,539 - ERROR - Could not read file .\fixtures\promotions.json: 'utf-8' codec can't decode byte 0xff in position 0: invalid start byte
2025-08-09 17:32:08,542 - ERROR - Could not read file .\fixtures\users.json: 'utf-8' codec can't decode byte 0xff in position 0: invalid start byte
2025-08-09 17:32:09,152 - INFO - Modified: .\homepage\static\MarketHub\store-lite.js (3 changes)
2025-08-09 17:32:09,165 - INFO - Applied changes to: .\homepage\static\MarketHub\store-lite.js (backup: .\homepage\static\MarketHub\store-lite.js.bak)
2025-08-09 17:32:09,215 - INFO - Modified: .\homepage\static\MarketHub\style-backup.css (12 changes)
2025-08-09 17:32:09,255 - INFO - Applied changes to: .\homepage\static\MarketHub\style-backup.css (backup: .\homepage\static\MarketHub\style-backup.css.bak)
2025-08-09 17:32:09,275 - INFO - Modified: .\homepage\static\MarketHub\style.css (78 changes)
2025-08-09 17:32:09,279 - INFO - Applied changes to: .\homepage\static\MarketHub\style.css (backup: .\homepage\static\MarketHub\style.css.bak)
2025-08-09 17:32:09,296 - INFO - Modified: .\homepage\static\MarketHub\css\accessibility-improvements.css (4 changes)
2025-08-09 17:32:09,358 - INFO - Applied changes to: .\homepage\static\MarketHub\css\accessibility-improvements.css (backup: .\homepage\static\MarketHub\css\accessibility-improvements.css.bak)
2025-08-09 17:32:09,378 - INFO - Modified: .\homepage\static\MarketHub\css\store-lite.css (78 changes)
2025-08-09 17:32:09,381 - INFO - Applied changes to: .\homepage\static\MarketHub\css\store-lite.css (backup: .\homepage\static\MarketHub\css\store-lite.css.bak)
2025-08-09 17:32:09,410 - INFO - Modified: .\homepage\static\MarketHub\scss\store-lite.scss (246 changes)
2025-08-09 17:32:09,476 - INFO - Applied changes to: .\homepage\static\MarketHub\scss\store-lite.scss (backup: .\homepage\static\MarketHub\scss\store-lite.scss.bak)
2025-08-09 17:32:09,493 - INFO - Modified: .\homepage\static\MarketHub\scss\_storelite_variables.scss (197 changes)
2025-08-09 17:32:09,515 - INFO - Applied changes to: .\homepage\static\MarketHub\scss\_storelite_variables.scss (backup: .\homepage\static\MarketHub\scss\_storelite_variables.scss.bak)
2025-08-09 17:32:09,705 - INFO - Modified: .\homepage\templates\homepage\base.html (13 changes)
2025-08-09 17:32:09,839 - INFO - Applied changes to: .\homepage\templates\homepage\base.html (backup: .\homepage\templates\homepage\base.html.bak)
2025-08-09 17:32:10,075 - INFO - Modified: .\homepage\templates\homepage\index.html (2 changes)
2025-08-09 17:32:10,151 - INFO - Applied changes to: .\homepage\templates\homepage\index.html (backup: .\homepage\templates\homepage\index.html.bak)
2025-08-09 17:32:10,415 - INFO - Modified: .\homepage\templates\homepage\components\hero_slider.html (1 changes)
2025-08-09 17:32:10,424 - INFO - Applied changes to: .\homepage\templates\homepage\components\hero_slider.html (backup: .\homepage\templates\homepage\components\hero_slider.html.bak)
2025-08-09 17:32:12,813 - INFO - Modified: .\staticfiles\MarketHub\store-lite.js (3 changes)
2025-08-09 17:32:12,825 - INFO - Applied changes to: .\staticfiles\MarketHub\store-lite.js (backup: .\staticfiles\MarketHub\store-lite.js.bak)
2025-08-09 17:32:12,872 - INFO - Modified: .\staticfiles\MarketHub\style-backup.css (12 changes)
2025-08-09 17:32:13,009 - INFO - Applied changes to: .\staticfiles\MarketHub\style-backup.css (backup: .\staticfiles\MarketHub\style-backup.css.bak)
2025-08-09 17:32:13,025 - INFO - Modified: .\staticfiles\MarketHub\style.css (78 changes)
2025-08-09 17:32:13,041 - INFO - Applied changes to: .\staticfiles\MarketHub\style.css (backup: .\staticfiles\MarketHub\style.css.bak)
2025-08-09 17:32:13,095 - INFO - Modified: .\staticfiles\MarketHub\css\accessibility-improvements.css (4 changes)
2025-08-09 17:32:13,111 - INFO - Applied changes to: .\staticfiles\MarketHub\css\accessibility-improvements.css (backup: .\staticfiles\MarketHub\css\accessibility-improvements.css.bak)
2025-08-09 17:32:13,132 - INFO - Modified: .\staticfiles\MarketHub\css\store-lite.css (78 changes)
2025-08-09 17:32:13,204 - INFO - Applied changes to: .\staticfiles\MarketHub\css\store-lite.css (backup: .\staticfiles\MarketHub\css\store-lite.css.bak)
2025-08-09 17:32:13,239 - INFO - Modified: .\staticfiles\MarketHub\scss\store-lite.scss (246 changes)
2025-08-09 17:32:13,326 - INFO - Applied changes to: .\staticfiles\MarketHub\scss\store-lite.scss (backup: .\staticfiles\MarketHub\scss\store-lite.scss.bak)
2025-08-09 17:32:13,347 - INFO - Modified: .\staticfiles\MarketHub\scss\_storelite_variables.scss (197 changes)
2025-08-09 17:32:13,410 - INFO - Applied changes to: .\staticfiles\MarketHub\scss\_storelite_variables.scss (backup: .\staticfiles\MarketHub\scss\_storelite_variables.scss.bak)
2025-08-09 17:32:14,687 - INFO - Audit report saved: rebranding_audit_report_20250809_173214.txt
