2025-08-09 17:31:38,972 - INFO - === Automated Rebranding Session Started ===
2025-08-09 17:31:38,972 - INFO - Mapping file: search_replace_mapping.json
2025-08-09 17:31:38,973 - INFO - Processing directory: . (DRY RUN)
2025-08-09 17:31:39,403 - INFO - Modified: .\apply_rebranding.py (3 changes)
2025-08-09 17:31:39,514 - INFO - Modified: .\build-styles-dev.bat (5 changes)
2025-08-09 17:31:39,583 - INFO - Modified: .\build-styles.bat (5 changes)
2025-08-09 17:31:39,679 - INFO - Modified: .\CATEGORY_GRID_README.md (1 changes)
2025-08-09 17:31:39,935 - INFO - Modified: .\package-lock.json (2 changes)
2025-08-09 17:31:39,951 - INFO - Modified: .\package.json (10 changes)
2025-08-09 17:31:40,043 - INFO - Modified: .\REBRANDING_README.md (22 changes)
2025-08-09 17:31:40,079 - INFO - Modified: .\search_replace_mapping.json (143 changes)
2025-08-09 17:31:40,165 - INFO - Modified: .\search_replace_mapping.yml (143 changes)
2025-08-09 17:31:40,185 - INFO - Modified: .\Store_Lite_Color_Palette.md (1 changes)
2025-08-09 17:31:40,214 - INFO - Modified: .\Store_Lite_Design_Reference.md (2 changes)
2025-08-09 17:31:40,276 - INFO - Modified: .\STORE_LITE_THEME.md (19 changes)
2025-08-09 17:31:40,372 - ERROR - Could not read file .\fixtures\carts.json: 'utf-8' codec can't decode byte 0xff in position 0: invalid start byte
2025-08-09 17:31:40,379 - ERROR - Could not read file .\fixtures\categories.json: 'utf-8' codec can't decode byte 0xff in position 0: invalid start byte
2025-08-09 17:31:40,387 - ERROR - Could not read file .\fixtures\hero_slides.json: 'utf-8' codec can't decode byte 0xff in position 0: invalid start byte
2025-08-09 17:31:40,393 - ERROR - Could not read file .\fixtures\products.json: 'utf-8' codec can't decode byte 0xff in position 0: invalid start byte
2025-08-09 17:31:40,396 - ERROR - Could not read file .\fixtures\promotions.json: 'utf-8' codec can't decode byte 0xff in position 0: invalid start byte
2025-08-09 17:31:40,415 - ERROR - Could not read file .\fixtures\users.json: 'utf-8' codec can't decode byte 0xff in position 0: invalid start byte
2025-08-09 17:31:40,877 - INFO - Modified: .\homepage\static\MarketHub\store-lite.js (3 changes)
2025-08-09 17:31:40,890 - INFO - Modified: .\homepage\static\MarketHub\style-backup.css (12 changes)
2025-08-09 17:31:40,911 - INFO - Modified: .\homepage\static\MarketHub\style.css (78 changes)
2025-08-09 17:31:40,979 - INFO - Modified: .\homepage\static\MarketHub\css\accessibility-improvements.css (4 changes)
2025-08-09 17:31:41,027 - INFO - Modified: .\homepage\static\MarketHub\css\store-lite.css (78 changes)
2025-08-09 17:31:41,088 - INFO - Modified: .\homepage\static\MarketHub\scss\store-lite.scss (246 changes)
2025-08-09 17:31:41,144 - INFO - Modified: .\homepage\static\MarketHub\scss\_storelite_variables.scss (197 changes)
2025-08-09 17:31:41,319 - INFO - Modified: .\homepage\templates\homepage\base.html (13 changes)
2025-08-09 17:31:41,561 - INFO - Modified: .\homepage\templates\homepage\index.html (2 changes)
2025-08-09 17:31:41,741 - INFO - Modified: .\homepage\templates\homepage\components\hero_slider.html (1 changes)
2025-08-09 17:31:48,417 - INFO - Modified: .\staticfiles\MarketHub\store-lite.js (3 changes)
2025-08-09 17:31:48,430 - INFO - Modified: .\staticfiles\MarketHub\style-backup.css (12 changes)
2025-08-09 17:31:48,450 - INFO - Modified: .\staticfiles\MarketHub\style.css (78 changes)
2025-08-09 17:31:48,490 - INFO - Modified: .\staticfiles\MarketHub\css\accessibility-improvements.css (4 changes)
2025-08-09 17:31:48,526 - INFO - Modified: .\staticfiles\MarketHub\css\store-lite.css (78 changes)
2025-08-09 17:31:48,552 - INFO - Modified: .\staticfiles\MarketHub\scss\store-lite.scss (246 changes)
2025-08-09 17:31:48,615 - INFO - Modified: .\staticfiles\MarketHub\scss\_storelite_variables.scss (197 changes)
2025-08-09 17:31:49,482 - INFO - Audit report saved: rebranding_audit_report_20250809_173149.txt
