[SECURITY] 2025-08-17 02:28:30,164 INFO attempts: AXES: Cleaned up 0 expired access attempts from database that were older than 2025-08-17 00:22:30.157517+00:00
[SECURITY] 2025-08-17 02:28:30,165 INFO database: AXES: Successful login by {ip_address: "********************", path_info: "<unknown>"}.
[SECURITY] 2025-08-17 02:28:30,169 INFO attempts: AXES: Reset 0 access attempts from database.
[SECURITY] 2025-08-17 02:28:30,169 INFO database: AXES: Deleted 0 failed login attempts by {ip_address: "********************", path_info: "<unknown>"} from database.
[SECURITY] 2025-08-17 02:31:49,073 INFO attempts: AXES: Cleaned up 0 expired access attempts from database that were older than 2025-08-17 00:25:49.068932+00:00
[SECURITY] 2025-08-17 02:31:49,075 INFO database: AXES: Successful login by {ip_address: "********************", path_info: "<unknown>"}.
[SECURITY] 2025-08-17 02:31:49,078 INFO attempts: AXES: Reset 0 access attempts from database.
[SECURITY] 2025-08-17 02:31:49,079 INFO database: AXES: Deleted 0 failed login attempts by {ip_address: "********************", path_info: "<unknown>"} from database.
[SECURITY] 2025-08-17 02:32:51,291 INFO attempts: AXES: Cleaned up 0 expired access attempts from database that were older than 2025-08-17 00:26:51.287688+00:00
[SECURITY] 2025-08-17 02:32:51,293 INFO database: AXES: Successful login by {ip_address: "********************", path_info: "<unknown>"}.
[SECURITY] 2025-08-17 02:32:51,296 INFO attempts: AXES: Reset 0 access attempts from database.
[SECURITY] 2025-08-17 02:32:51,297 INFO database: AXES: Deleted 0 failed login attempts by {ip_address: "********************", path_info: "<unknown>"} from database.
[SECURITY] 2025-08-17 02:32:56,651 INFO attempts: AXES: Cleaned up 0 expired access attempts from database that were older than 2025-08-17 00:26:56.650864+00:00
[SECURITY] 2025-08-17 02:32:56,652 INFO database: AXES: Successful login by {ip_address: "********************", path_info: "<unknown>"}.
[SECURITY] 2025-08-17 02:32:56,654 INFO attempts: AXES: Reset 0 access attempts from database.
[SECURITY] 2025-08-17 02:32:56,654 INFO database: AXES: Deleted 0 failed login attempts by {ip_address: "********************", path_info: "<unknown>"} from database.
[SECURITY] 2025-08-17 02:33:02,124 INFO attempts: AXES: Cleaned up 0 expired access attempts from database that were older than 2025-08-17 00:27:02.123429+00:00
[SECURITY] 2025-08-17 02:33:02,124 INFO database: AXES: Successful login by {ip_address: "********************", path_info: "<unknown>"}.
[SECURITY] 2025-08-17 02:33:02,127 INFO attempts: AXES: Reset 0 access attempts from database.
[SECURITY] 2025-08-17 02:33:02,127 INFO database: AXES: Deleted 0 failed login attempts by {ip_address: "********************", path_info: "<unknown>"} from database.
[SECURITY] 2025-08-17 02:33:11,008 INFO attempts: AXES: Cleaned up 0 expired access attempts from database that were older than 2025-08-17 00:27:11.008259+00:00
[SECURITY] 2025-08-17 02:33:11,009 INFO database: AXES: Successful login by {ip_address: "********************", path_info: "<unknown>"}.
[SECURITY] 2025-08-17 02:33:11,011 INFO attempts: AXES: Reset 0 access attempts from database.
[SECURITY] 2025-08-17 02:33:11,012 INFO database: AXES: Deleted 0 failed login attempts by {ip_address: "********************", path_info: "<unknown>"} from database.
[SECURITY] 2025-08-17 02:33:16,243 INFO attempts: AXES: Cleaned up 0 expired access attempts from database that were older than 2025-08-17 00:27:16.243039+00:00
[SECURITY] 2025-08-17 02:33:16,244 INFO database: AXES: Successful login by {ip_address: "********************", path_info: "<unknown>"}.
[SECURITY] 2025-08-17 02:33:16,246 INFO attempts: AXES: Reset 0 access attempts from database.
[SECURITY] 2025-08-17 02:33:16,246 INFO database: AXES: Deleted 0 failed login attempts by {ip_address: "********************", path_info: "<unknown>"} from database.
[SECURITY] 2025-08-17 02:33:21,551 INFO attempts: AXES: Cleaned up 0 expired access attempts from database that were older than 2025-08-17 00:27:21.550596+00:00
[SECURITY] 2025-08-17 02:33:21,551 INFO database: AXES: Successful login by {ip_address: "********************", path_info: "<unknown>"}.
[SECURITY] 2025-08-17 02:33:21,554 INFO attempts: AXES: Reset 0 access attempts from database.
[SECURITY] 2025-08-17 02:33:21,554 INFO database: AXES: Deleted 0 failed login attempts by {ip_address: "********************", path_info: "<unknown>"} from database.
[SECURITY] 2025-08-17 02:33:26,750 INFO attempts: AXES: Cleaned up 0 expired access attempts from database that were older than 2025-08-17 00:27:26.750083+00:00
[SECURITY] 2025-08-17 02:33:26,751 INFO database: AXES: Successful login by {ip_address: "********************", path_info: "<unknown>"}.
[SECURITY] 2025-08-17 02:33:26,753 INFO attempts: AXES: Reset 0 access attempts from database.
[SECURITY] 2025-08-17 02:33:26,753 INFO database: AXES: Deleted 0 failed login attempts by {ip_address: "********************", path_info: "<unknown>"} from database.
[SECURITY] 2025-08-17 02:33:35,642 INFO attempts: AXES: Cleaned up 0 expired access attempts from database that were older than 2025-08-17 00:27:35.641591+00:00
[SECURITY] 2025-08-17 02:33:35,642 INFO database: AXES: Successful login by {ip_address: "********************", path_info: "<unknown>"}.
[SECURITY] 2025-08-17 02:33:35,645 INFO attempts: AXES: Reset 0 access attempts from database.
[SECURITY] 2025-08-17 02:33:35,645 INFO database: AXES: Deleted 0 failed login attempts by {ip_address: "********************", path_info: "<unknown>"} from database.
[SECURITY] 2025-08-17 02:33:40,995 INFO attempts: AXES: Cleaned up 0 expired access attempts from database that were older than 2025-08-17 00:27:40.994823+00:00
[SECURITY] 2025-08-17 02:33:40,996 INFO database: AXES: Successful login by {ip_address: "********************", path_info: "<unknown>"}.
[SECURITY] 2025-08-17 02:33:40,998 INFO attempts: AXES: Reset 0 access attempts from database.
[SECURITY] 2025-08-17 02:33:40,998 INFO database: AXES: Deleted 0 failed login attempts by {ip_address: "********************", path_info: "<unknown>"} from database.
[SECURITY] 2025-08-17 02:33:46,237 INFO attempts: AXES: Cleaned up 0 expired access attempts from database that were older than 2025-08-17 00:27:46.237034+00:00
[SECURITY] 2025-08-17 02:33:46,238 INFO database: AXES: Successful login by {ip_address: "********************", path_info: "<unknown>"}.
[SECURITY] 2025-08-17 02:33:46,240 INFO attempts: AXES: Reset 0 access attempts from database.
[SECURITY] 2025-08-17 02:33:46,240 INFO database: AXES: Deleted 0 failed login attempts by {ip_address: "********************", path_info: "<unknown>"} from database.
[SECURITY] 2025-08-17 02:33:51,321 INFO attempts: AXES: Cleaned up 0 expired access attempts from database that were older than 2025-08-17 00:27:51.320457+00:00
[SECURITY] 2025-08-17 02:33:51,321 INFO database: AXES: Successful login by {ip_address: "********************", path_info: "<unknown>"}.
[SECURITY] 2025-08-17 02:33:51,323 INFO attempts: AXES: Reset 0 access attempts from database.
[SECURITY] 2025-08-17 02:33:51,324 INFO database: AXES: Deleted 0 failed login attempts by {ip_address: "********************", path_info: "<unknown>"} from database.
[SECURITY] 2025-08-17 02:33:56,421 INFO attempts: AXES: Cleaned up 0 expired access attempts from database that were older than 2025-08-17 00:27:56.420429+00:00
[SECURITY] 2025-08-17 02:33:56,421 INFO database: AXES: Successful login by {ip_address: "********************", path_info: "<unknown>"}.
[SECURITY] 2025-08-17 02:33:56,423 INFO attempts: AXES: Reset 0 access attempts from database.
[SECURITY] 2025-08-17 02:33:56,424 INFO database: AXES: Deleted 0 failed login attempts by {ip_address: "********************", path_info: "<unknown>"} from database.
[SECURITY] 2025-08-17 02:34:05,283 INFO attempts: AXES: Cleaned up 0 expired access attempts from database that were older than 2025-08-17 00:28:05.282568+00:00
[SECURITY] 2025-08-17 02:34:05,283 INFO database: AXES: Successful login by {ip_address: "********************", path_info: "<unknown>"}.
[SECURITY] 2025-08-17 02:34:05,286 INFO attempts: AXES: Reset 0 access attempts from database.
[SECURITY] 2025-08-17 02:34:05,286 INFO database: AXES: Deleted 0 failed login attempts by {ip_address: "********************", path_info: "<unknown>"} from database.
[SECURITY] 2025-08-17 02:34:17,534 INFO attempts: AXES: Cleaned up 0 expired access attempts from database that were older than 2025-08-17 00:28:17.533653+00:00
[SECURITY] 2025-08-17 02:34:17,534 INFO database: AXES: Successful login by {ip_address: "********************", path_info: "<unknown>"}.
[SECURITY] 2025-08-17 02:34:17,537 INFO attempts: AXES: Reset 0 access attempts from database.
[SECURITY] 2025-08-17 02:34:17,537 INFO database: AXES: Deleted 0 failed login attempts by {ip_address: "********************", path_info: "<unknown>"} from database.
[SECURITY] 2025-08-17 02:34:23,350 INFO attempts: AXES: Cleaned up 0 expired access attempts from database that were older than 2025-08-17 00:28:23.349798+00:00
[SECURITY] 2025-08-17 02:34:23,351 INFO database: AXES: Successful login by {ip_address: "********************", path_info: "<unknown>"}.
[SECURITY] 2025-08-17 02:34:23,353 INFO attempts: AXES: Reset 0 access attempts from database.
[SECURITY] 2025-08-17 02:34:23,353 INFO database: AXES: Deleted 0 failed login attempts by {ip_address: "********************", path_info: "<unknown>"} from database.
[SECURITY] 2025-08-17 02:34:32,270 INFO attempts: AXES: Cleaned up 0 expired access attempts from database that were older than 2025-08-17 00:28:32.269834+00:00
[SECURITY] 2025-08-17 02:34:32,271 INFO database: AXES: Successful login by {ip_address: "********************", path_info: "<unknown>"}.
[SECURITY] 2025-08-17 02:34:32,272 INFO attempts: AXES: Reset 0 access attempts from database.
[SECURITY] 2025-08-17 02:34:32,273 INFO database: AXES: Deleted 0 failed login attempts by {ip_address: "********************", path_info: "<unknown>"} from database.
[SECURITY] 2025-08-17 02:34:37,535 INFO attempts: AXES: Cleaned up 0 expired access attempts from database that were older than 2025-08-17 00:28:37.534884+00:00
[SECURITY] 2025-08-17 02:34:37,536 INFO database: AXES: Successful login by {ip_address: "********************", path_info: "<unknown>"}.
[SECURITY] 2025-08-17 02:34:37,538 INFO attempts: AXES: Reset 0 access attempts from database.
[SECURITY] 2025-08-17 02:34:37,538 INFO database: AXES: Deleted 0 failed login attempts by {ip_address: "********************", path_info: "<unknown>"} from database.
[SECURITY] 2025-08-17 02:34:42,991 INFO attempts: AXES: Cleaned up 0 expired access attempts from database that were older than 2025-08-17 00:28:42.990266+00:00
[SECURITY] 2025-08-17 02:34:42,991 INFO database: AXES: Successful login by {ip_address: "********************", path_info: "<unknown>"}.
[SECURITY] 2025-08-17 02:34:42,994 INFO attempts: AXES: Reset 0 access attempts from database.
[SECURITY] 2025-08-17 02:34:42,994 INFO database: AXES: Deleted 0 failed login attempts by {ip_address: "********************", path_info: "<unknown>"} from database.
[SECURITY] 2025-08-17 02:35:05,417 INFO attempts: AXES: Cleaned up 0 expired access attempts from database that were older than 2025-08-17 00:29:05.416375+00:00
[SECURITY] 2025-08-17 02:35:05,417 INFO database: AXES: Successful login by {ip_address: "********************", path_info: "<unknown>"}.
[SECURITY] 2025-08-17 02:35:05,419 INFO attempts: AXES: Reset 0 access attempts from database.
[SECURITY] 2025-08-17 02:35:05,420 INFO database: AXES: Deleted 0 failed login attempts by {ip_address: "********************", path_info: "<unknown>"} from database.
[SECURITY] 2025-08-17 02:35:21,343 INFO attempts: AXES: Cleaned up 0 expired access attempts from database that were older than 2025-08-17 00:29:21.342760+00:00
[SECURITY] 2025-08-17 02:35:21,344 INFO database: AXES: Successful login by {ip_address: "********************", path_info: "<unknown>"}.
[SECURITY] 2025-08-17 02:35:21,346 INFO attempts: AXES: Reset 0 access attempts from database.
[SECURITY] 2025-08-17 02:35:21,346 INFO database: AXES: Deleted 0 failed login attempts by {ip_address: "********************", path_info: "<unknown>"} from database.
[SECURITY] 2025-08-17 02:35:24,791 INFO attempts: AXES: Cleaned up 0 expired access attempts from database that were older than 2025-08-17 00:29:24.791168+00:00
[SECURITY] 2025-08-17 02:35:24,792 INFO database: AXES: Successful login by {ip_address: "********************", path_info: "<unknown>"}.
[SECURITY] 2025-08-17 02:35:24,794 INFO attempts: AXES: Reset 0 access attempts from database.
[SECURITY] 2025-08-17 02:35:24,795 INFO database: AXES: Deleted 0 failed login attempts by {ip_address: "********************", path_info: "<unknown>"} from database.
[SECURITY] 2025-08-17 02:35:29,903 INFO attempts: AXES: Cleaned up 0 expired access attempts from database that were older than 2025-08-17 00:29:29.902839+00:00
[SECURITY] 2025-08-17 02:35:29,904 INFO database: AXES: Successful login by {ip_address: "********************", path_info: "<unknown>"}.
[SECURITY] 2025-08-17 02:35:29,906 INFO attempts: AXES: Reset 0 access attempts from database.
[SECURITY] 2025-08-17 02:35:29,906 INFO database: AXES: Deleted 0 failed login attempts by {ip_address: "********************", path_info: "<unknown>"} from database.
[SECURITY] 2025-08-17 02:35:33,532 INFO attempts: AXES: Cleaned up 0 expired access attempts from database that were older than 2025-08-17 00:29:33.531293+00:00
[SECURITY] 2025-08-17 02:35:33,532 INFO database: AXES: Successful login by {ip_address: "********************", path_info: "<unknown>"}.
[SECURITY] 2025-08-17 02:35:33,535 INFO attempts: AXES: Reset 0 access attempts from database.
[SECURITY] 2025-08-17 02:35:33,535 INFO database: AXES: Deleted 0 failed login attempts by {ip_address: "********************", path_info: "<unknown>"} from database.
[SECURITY] 2025-08-17 02:35:36,978 INFO attempts: AXES: Cleaned up 0 expired access attempts from database that were older than 2025-08-17 00:29:36.977760+00:00
[SECURITY] 2025-08-17 02:35:36,978 INFO database: AXES: Successful login by {ip_address: "********************", path_info: "<unknown>"}.
[SECURITY] 2025-08-17 02:35:36,980 INFO attempts: AXES: Reset 0 access attempts from database.
[SECURITY] 2025-08-17 02:35:36,981 INFO database: AXES: Deleted 0 failed login attempts by {ip_address: "********************", path_info: "<unknown>"} from database.
[SECURITY] 2025-08-17 20:04:54,756 INFO attempts: AXES: Cleaned up 0 expired access attempts from database that were older than 2025-08-17 17:58:52.542926+00:00
[SECURITY] 2025-08-17 20:04:54,758 INFO database: AXES: Successful login by {ip_address: "********************", path_info: "/login/"}.
[SECURITY] 2025-08-17 20:19:09,866 INFO attempts: AXES: Cleaned up 0 expired access attempts from database that were older than 2025-08-17 18:13:09.851746+00:00
[SECURITY] 2025-08-17 20:19:09,867 INFO database: AXES: Successful login by {ip_address: "********************", path_info: "/login/"}.
